{"/Users/billy/Desktop/Test/測試/jest-react/jest-react/src/components/Button.tsx": {"path":"/Users/billy/Desktop/Test/測試/jest-react/jest-react/src/components/Button.tsx","statementMap":{"0":{"start":{"line":6,"column":38},"end":{"line":8,"column":1}},"1":{"start":{"line":7,"column":4},"end":{"line":7,"column":54}},"2":{"start":{"line":10,"column":0},"end":{"line":10,"column":22}}},"fnMap":{"0":{"name":"(anonymous_0)","decl":{"start":{"line":6,"column":38},"end":{"line":6,"column":39}},"loc":{"start":{"line":6,"column":61},"end":{"line":8,"column":1}}}},"branchMap":{},"s":{"0":1,"1":1,"2":1},"f":{"0":1},"b":{}}
}
